<?xml version="1.0" encoding="UTF-8"?>
<!-- Generated by org.testng.reporters.JUnitXMLReporter -->
<testsuite ignored="0" hostname="DESKTOP-EQ55Q8H" failures="0" tests="5" name="LoginTests" time="32.923" errors="0" timestamp="2026-09-03T16:37:13 PKT">
  <testcase classname="com.example.tests.LoginTest" name="testSuccessfulLogin" time="2.085"/>
  <testcase classname="com.example.tests.LoginTest" name="testLoginFailureScenarios" time="1.589"/>
  <testcase classname="com.example.tests.LoginTest" name="testLoginFailureScenarios" time="1.503"/>
  <testcase classname="com.example.tests.LoginTest" name="testLoginFailureScenarios" time="1.95"/>
  <testcase classname="com.example.tests.LoginTest" name="testLoginFailureScenarios" time="1.501"/>
</testsuite> <!-- LoginTests -->
