<?xml version="1.0" encoding="UTF-8"?>
<!-- Generated by org.testng.reporters.JUnitXMLReporter -->
<testsuite ignored="0" hostname="DESKTOP-EQ55Q8H" failures="0" tests="2" name="NavigationTests" time="9.558" errors="0" timestamp="2026-09-03T16:37:23 PKT">
  <testcase classname="com.example.tests.NavigationTest" name="testAddToCartAndNavigateToCart" time="0.335"/>
  <testcase classname="com.example.tests.NavigationTest" name="testOpenProductDetailAndGoBack" time="0.543"/>
</testsuite> <!-- NavigationTests -->
