<?xml version="1.0" encoding="UTF-8"?>
<!-- Generated by org.testng.reporters.JUnitReportReporter -->
<testsuite hostname="DESKTOP-EQ55Q8H" failures="0" tests="5" name="com.example.tests.LoginTest" time="32.795" errors="0" timestamp="2026-09-03T16:37:23 PKT" skipped="0">
  <testcase classname="com.example.tests.LoginTest" name="testSuccessfulLogin" time="20.137"/>
  <testcase classname="com.example.tests.LoginTest" name="testLoginFailureScenarios" time="3.040"/>
  <testcase classname="com.example.tests.LoginTest" name="testLoginFailureScenarios" time="3.033"/>
  <testcase classname="com.example.tests.LoginTest" name="testLoginFailureScenarios" time="3.465"/>
  <testcase classname="com.example.tests.LoginTest" name="testLoginFailureScenarios" time="3.120"/>
</testsuite> <!-- com.example.tests.LoginTest -->
