<?xml version="1.0" encoding="UTF-8"?>
<!-- Generated by org.testng.reporters.JUnitReportReporter -->
<testsuite hostname="DESKTOP-EQ55Q8H" failures="0" tests="2" name="com.example.tests.NavigationTest" time="9.553" errors="0" timestamp="2026-09-03T16:37:23 PKT" skipped="0">
  <testcase classname="com.example.tests.NavigationTest" name="testOpenProductDetailAndGoBack" time="5.973"/>
  <testcase classname="com.example.tests.NavigationTest" name="testAddToCartAndNavigateToCart" time="3.580"/>
</testsuite> <!-- com.example.tests.NavigationTest -->
